[11:55:39.810] PYTHON: Onigiri: Restaurant Level disabled in config, not awarding XP.
[11:55:40.279] PYTHON: Onigiri: Restaurant Level disabled in config, not awarding XP.
[11:55:40.637] PYTHON: Onigiri: Restaurant Level disabled in config, not awarding XP.
[11:55:41.367] PYTHON: Onigiri: Restaurant Level disabled in config, not awarding XP.
[11:55:42.024] PYTHON: Onigiri: Restaurant Level disabled in config, not awarding XP.
[11:55:42.537] PYTHON: Onigiri: Restaurant Level disabled in config, not awarding XP.
[11:55:43.281] PYTHON: Onigiri: Restaurant Level disabled in config, not awarding XP.
[11:55:43.981] PYTHON: Onigiri: Restaurant Level disabled in config, not awarding XP.
[11:55:44.752] PYTHON: Onigiri: Restaurant Level disabled in config, not awarding XP.
[11:55:45.523] PYTHON: Onigiri: Restaurant Level disabled in config, not awarding XP.
[11:55:48.528] PYTHON: Onigiri: Restaurant Level disabled in config, not awarding XP.
[11:55:50.938] PYTHON: Onigiri: Restaurant Level disabled in config, not awarding XP.
[11:55:52.457] PYTHON: Onigiri: Restaurant Level disabled in config, not awarding XP.
[11:55:53.025] PYTHON: Onigiri: Restaurant Level disabled in config, not awarding XP.
[11:55:53.829] PYTHON: Onigiri: Restaurant Level disabled in config, not awarding XP.
[11:55:54.707] PYTHON: Onigiri: Restaurant Level disabled in config, not awarding XP.
[11:55:55.477] PYTHON: Onigiri: Restaurant Level disabled in config, not awarding XP.
[11:55:56.324] PYTHON: Onigiri: Restaurant Level disabled in config, not awarding XP.
[11:55:57.072] PYTHON: Onigiri: Restaurant Level disabled in config, not awarding XP.
[11:55:57.976] PYTHON: Onigiri: Restaurant Level disabled in config, not awarding XP.
[11:55:58.677] PYTHON: Onigiri: Restaurant Level disabled in config, not awarding XP.
[11:55:59.337] PYTHON: Onigiri: Restaurant Level disabled in config, not awarding XP.
[11:55:59.655] PYTHON: Onigiri: Restaurant Level disabled in config, not awarding XP.
[11:56:00.983] PYTHON: Onigiri: Restaurant Level disabled in config, not awarding XP.
[11:56:01.724] PYTHON: Onigiri: Restaurant Level disabled in config, not awarding XP.
[11:56:03.164] PYTHON: Onigiri: Restaurant Level disabled in config, not awarding XP.
[11:56:04.121] PYTHON: Onigiri: Restaurant Level disabled in config, not awarding XP.
[11:56:05.018] PYTHON: Onigiri: Restaurant Level disabled in config, not awarding XP.
[11:56:06.176] PYTHON: Onigiri: Restaurant Level disabled in config, not awarding XP.
[11:56:07.171] PYTHON: Onigiri: Restaurant Level disabled in config, not awarding XP.
[11:56:50.236] PYTHON: Onigiri: Restaurant Level disabled in config, not awarding XP.
[11:57:02.679] PYTHON: Onigiri: Restaurant Level disabled in config, not awarding XP.
[11:57:04.270] PYTHON: Onigiri: Restaurant Level disabled in config, not awarding XP.
[11:57:06.068] PYTHON: Onigiri: Restaurant Level disabled in config, not awarding XP.
[11:57:07.786] PYTHON: Onigiri: Restaurant Level disabled in config, not awarding XP.
[11:57:09.177] PYTHON: Onigiri: Restaurant Level disabled in config, not awarding XP.
[11:57:10.327] PYTHON: Onigiri: Restaurant Level disabled in config, not awarding XP.
[11:57:11.328] PYTHON: Onigiri: Restaurant Level disabled in config, not awarding XP.
[11:57:15.225] PYTHON: Initializing JSON storage system...
[11:57:15.227] PYTHON: Configuring WebEngine settings...
[11:57:15.228] PYTHON: ✅ JavascriptEnabled (Core JavaScript) - Enabled
[11:57:15.228] PYTHON: ✅ LocalStorageEnabled (Local storage) - Enabled
[11:57:15.228] PYTHON: ✅ LocalContentCanAccessFileUrls (File URL access) - Enabled
[11:57:15.229] PYTHON: ✅ AllowWindowActivationFromJavaScript (Window activation) - Enabled
[11:57:15.229] PYTHON: ✅ JavascriptCanOpenWindows (Popup windows) - Enabled
[11:57:15.230] PYTHON: ✅ JavascriptCanAccessClipboard (Clipboard access) - Enabled
[11:57:15.230] PYTHON: ⚠️ DeveloperExtrasEnabled (Developer tools) - Not available in this Qt version
[11:57:15.230] PYTHON: ✅ WebEngine page configured with developer tools enabled
[11:57:15.643] JS [JavaScriptConsoleMessageLevel.WarningMessageLevel]: Element themeToggle not found (line 93, source: file:///C:/Users/Moonlight/AppData/Roaming/Anki2/addons21/math_drill/web/settings.js)
[11:57:15.643] JS [JavaScriptConsoleMessageLevel.InfoMessageLevel]: Applied theme color purple: [object Object] (line 157, source: file:///C:/Users/Moonlight/AppData/Roaming/Anki2/addons21/math_drill/web/settings.js)
[11:57:15.644] JS [JavaScriptConsoleMessageLevel.InfoMessageLevel]: Applied theme color purple: [object Object] (line 157, source: file:///C:/Users/Moonlight/AppData/Roaming/Anki2/addons21/math_drill/web/settings.js)
[11:57:15.644] JS [JavaScriptConsoleMessageLevel.WarningMessageLevel]: Element soundToggle not found (line 93, source: file:///C:/Users/Moonlight/AppData/Roaming/Anki2/addons21/math_drill/web/settings.js)
[11:57:15.645] JS [JavaScriptConsoleMessageLevel.WarningMessageLevel]: Element hintsToggle not found (line 93, source: file:///C:/Users/Moonlight/AppData/Roaming/Anki2/addons21/math_drill/web/settings.js)
[11:57:15.645] JS [JavaScriptConsoleMessageLevel.WarningMessageLevel]: Element timerToggle not found (line 93, source: file:///C:/Users/Moonlight/AppData/Roaming/Anki2/addons21/math_drill/web/settings.js)
[11:57:15.646] JS [JavaScriptConsoleMessageLevel.WarningMessageLevel]: Element animationsToggle not found (line 93, source: file:///C:/Users/Moonlight/AppData/Roaming/Anki2/addons21/math_drill/web/settings.js)
[11:57:15.646] JS [JavaScriptConsoleMessageLevel.WarningMessageLevel]: Element autosaveToggle not found (line 93, source: file:///C:/Users/Moonlight/AppData/Roaming/Anki2/addons21/math_drill/web/settings.js)
[11:57:15.647] JS [JavaScriptConsoleMessageLevel.WarningMessageLevel]: Element shortcutsToggle not found (line 93, source: file:///C:/Users/Moonlight/AppData/Roaming/Anki2/addons21/math_drill/web/settings.js)
[11:57:15.648] JS [JavaScriptConsoleMessageLevel.InfoMessageLevel]: ✅ Python bridge initialized successfully (line 156, source: file:///C:/Users/Moonlight/AppData/Roaming/Anki2/addons21/math_drill/web/index.html)
[11:57:15.649] JS [JavaScriptConsoleMessageLevel.InfoMessageLevel]: Initializing MathDrillWeb... (line 85, source: file:///C:/Users/Moonlight/AppData/Roaming/Anki2/addons21/math_drill/web/script.js)
[11:57:15.649] JS [JavaScriptConsoleMessageLevel.InfoMessageLevel]:  Bridge status: Connected (line 87, source: file:///C:/Users/Moonlight/AppData/Roaming/Anki2/addons21/math_drill/web/script.js)
[11:57:15.650] JS [JavaScriptConsoleMessageLevel.InfoMessageLevel]: sendToPython called: get_stats [object Object] (line 1061, source: file:///C:/Users/Moonlight/AppData/Roaming/Anki2/addons21/math_drill/web/script.js)
[11:57:15.651] JS [JavaScriptConsoleMessageLevel.InfoMessageLevel]: Generated callback ID: cb_1767508035647_u1rvt7wxn (line 1065, source: file:///C:/Users/Moonlight/AppData/Roaming/Anki2/addons21/math_drill/web/script.js)
[11:57:15.651] JS [JavaScriptConsoleMessageLevel.InfoMessageLevel]: Sending to Python bridge... (line 1076, source: file:///C:/Users/Moonlight/AppData/Roaming/Anki2/addons21/math_drill/web/script.js)
[11:57:15.652] PYTHON: === PythonBridge.send called ===
[11:57:15.652] PYTHON: Action: get_stats
[11:57:15.652] PYTHON: Data: {}
[11:57:15.653] PYTHON: Callback ID: cb_1767508035647_u1rvt7wxn
[11:57:15.653] PYTHON: Bridge available: True
[11:57:15.655] PYTHON: send_to_js called: action=stats_result, callback_id=cb_1767508035647_u1rvt7wxn
[11:57:15.656] PYTHON: Data type: <class 'dict'>, size: 284
[11:57:15.656] PYTHON: Data being sent to JavaScript:
{
  "session": 0,
  "today": 2,
  "lifetime": 2,
  "accuracy": 100.0,
  "avgSpeed": 6.908999919891357,
  "totalTime": 13.817999839782715,
  "daily_goals": {
    "target_questions": 20,
    "target_time_minutes": 10,
    "questions_completed": 0,
    "time_spent_minutes": 0.0,
    "achieved": false
  },
  "practice_days": 1
}
[11:57:15.657] PYTHON: Executing JavaScript in web view...
[11:57:15.661] JS [JavaScriptConsoleMessageLevel.InfoMessageLevel]: Python bridge script executing for callback: cb_1767508035647_u1rvt7wxn (line 3, source: )
[11:57:15.661] JS [JavaScriptConsoleMessageLevel.InfoMessageLevel]: Checking pythonBridge availability: object (line 4, source: )
[11:57:15.662] JS [JavaScriptConsoleMessageLevel.InfoMessageLevel]: Executing callback directly for: cb_1767508035647_u1rvt7wxn (line 7, source: )
[11:57:15.662] JS [JavaScriptConsoleMessageLevel.InfoMessageLevel]: Calling callback with data: [object Object] (line 27, source: )
[11:57:15.662] JS [JavaScriptConsoleMessageLevel.InfoMessageLevel]: Callback executed successfully (line 29, source: )
[11:57:16.565] PYTHON: === PythonBridge.send called ===
[11:57:16.565] PYTHON: Action: subscribe_realtime
[11:57:16.566] PYTHON: Data: {"subscriber_id":"main_1767508035554"}
[11:57:16.566] PYTHON: Callback ID: rt_1767508036564_8auow5aoa
[11:57:16.567] PYTHON: Bridge available: True
[11:57:16.567] PYTHON: Subscribing to realtime: subscriber_id=main_1767508035554, callback_id=rt_1767508036564_8auow5aoa
[11:57:16.568] PYTHON: Sending subscription response: {'subscriber_id': 'main_1767508035554', 'last_data': {}}
[11:57:16.568] PYTHON: send_to_js called: action=realtime_subscribed, callback_id=rt_1767508036564_8auow5aoa
[11:57:16.568] PYTHON: Data type: <class 'dict'>, size: 56
[11:57:16.569] PYTHON: Data being sent to JavaScript:
{
  "subscriber_id": "main_1767508035554",
  "last_data": {}
}
[11:57:16.569] PYTHON: Executing JavaScript in web view...
[11:57:16.571] JS [JavaScriptConsoleMessageLevel.InfoMessageLevel]: Python bridge script executing for callback: rt_1767508036564_8auow5aoa (line 3, source: )
[11:57:16.572] JS [JavaScriptConsoleMessageLevel.InfoMessageLevel]: Checking pythonBridge availability: object (line 4, source: )
[11:57:16.572] JS [JavaScriptConsoleMessageLevel.InfoMessageLevel]: Executing callback directly for: rt_1767508036564_8auow5aoa (line 7, source: )
[11:57:16.573] JS [JavaScriptConsoleMessageLevel.InfoMessageLevel]: Calling callback with data: [object Object] (line 15, source: )
[11:57:16.573] JS [JavaScriptConsoleMessageLevel.InfoMessageLevel]: Callback executed successfully (line 17, source: )
[11:57:16.574] JS [JavaScriptConsoleMessageLevel.InfoMessageLevel]: ✅ Subscribed to real-time updates (line 76, source: file:///C:/Users/Moonlight/AppData/Roaming/Anki2/addons21/math_drill/web/realtime-sync.js)
[11:57:17.508] JS [JavaScriptConsoleMessageLevel.WarningMessageLevel]: Element themeToggle not found (line 93, source: file:///C:/Users/Moonlight/AppData/Roaming/Anki2/addons21/math_drill/web/settings.js)
[11:57:17.509] JS [JavaScriptConsoleMessageLevel.InfoMessageLevel]: Applied theme color purple: [object Object] (line 157, source: file:///C:/Users/Moonlight/AppData/Roaming/Anki2/addons21/math_drill/web/settings.js)
[11:57:17.510] JS [JavaScriptConsoleMessageLevel.InfoMessageLevel]: Applied theme color purple: [object Object] (line 157, source: file:///C:/Users/Moonlight/AppData/Roaming/Anki2/addons21/math_drill/web/settings.js)
[11:57:17.510] JS [JavaScriptConsoleMessageLevel.WarningMessageLevel]: Element soundToggle not found (line 93, source: file:///C:/Users/Moonlight/AppData/Roaming/Anki2/addons21/math_drill/web/settings.js)
[11:57:17.511] JS [JavaScriptConsoleMessageLevel.WarningMessageLevel]: Element hintsToggle not found (line 93, source: file:///C:/Users/Moonlight/AppData/Roaming/Anki2/addons21/math_drill/web/settings.js)
[11:57:17.512] JS [JavaScriptConsoleMessageLevel.WarningMessageLevel]: Element timerToggle not found (line 93, source: file:///C:/Users/Moonlight/AppData/Roaming/Anki2/addons21/math_drill/web/settings.js)
[11:57:17.512] JS [JavaScriptConsoleMessageLevel.WarningMessageLevel]: Element animationsToggle not found (line 93, source: file:///C:/Users/Moonlight/AppData/Roaming/Anki2/addons21/math_drill/web/settings.js)
[11:57:17.512] JS [JavaScriptConsoleMessageLevel.WarningMessageLevel]: Element autosaveToggle not found (line 93, source: file:///C:/Users/Moonlight/AppData/Roaming/Anki2/addons21/math_drill/web/settings.js)
[11:57:17.513] JS [JavaScriptConsoleMessageLevel.WarningMessageLevel]: Element shortcutsToggle not found (line 93, source: file:///C:/Users/Moonlight/AppData/Roaming/Anki2/addons21/math_drill/web/settings.js)
[11:57:17.513] JS [JavaScriptConsoleMessageLevel.InfoMessageLevel]: ✅ Python bridge initialized successfully (line 156, source: file:///C:/Users/Moonlight/AppData/Roaming/Anki2/addons21/math_drill/web/index.html)
[11:57:17.514] JS [JavaScriptConsoleMessageLevel.InfoMessageLevel]: Initializing MathDrillWeb... (line 85, source: file:///C:/Users/Moonlight/AppData/Roaming/Anki2/addons21/math_drill/web/script.js)
[11:57:17.514] JS [JavaScriptConsoleMessageLevel.InfoMessageLevel]:  Bridge status: Connected (line 87, source: file:///C:/Users/Moonlight/AppData/Roaming/Anki2/addons21/math_drill/web/script.js)
[11:57:17.514] JS [JavaScriptConsoleMessageLevel.InfoMessageLevel]: sendToPython called: get_stats [object Object] (line 1061, source: file:///C:/Users/Moonlight/AppData/Roaming/Anki2/addons21/math_drill/web/script.js)
[11:57:17.515] JS [JavaScriptConsoleMessageLevel.InfoMessageLevel]: Generated callback ID: cb_1767508037510_bmvos70ns (line 1065, source: file:///C:/Users/Moonlight/AppData/Roaming/Anki2/addons21/math_drill/web/script.js)
[11:57:17.515] JS [JavaScriptConsoleMessageLevel.InfoMessageLevel]: Sending to Python bridge... (line 1076, source: file:///C:/Users/Moonlight/AppData/Roaming/Anki2/addons21/math_drill/web/script.js)
[11:57:17.516] PYTHON: === PythonBridge.send called ===
[11:57:17.516] PYTHON: Action: get_stats
[11:57:17.517] PYTHON: Data: {}
[11:57:17.517] PYTHON: Callback ID: cb_1767508037510_bmvos70ns
[11:57:17.517] PYTHON: Bridge available: True
[11:57:17.520] PYTHON: send_to_js called: action=stats_result, callback_id=cb_1767508037510_bmvos70ns
[11:57:17.521] PYTHON: Data type: <class 'dict'>, size: 284
[11:57:17.521] PYTHON: Data being sent to JavaScript:
{
  "session": 0,
  "today": 2,
  "lifetime": 2,
  "accuracy": 100.0,
  "avgSpeed": 6.908999919891357,
  "totalTime": 13.817999839782715,
  "daily_goals": {
    "target_questions": 20,
    "target_time_minutes": 10,
    "questions_completed": 0,
    "time_spent_minutes": 0.0,
    "achieved": false
  },
  "practice_days": 1
}
[11:57:17.522] PYTHON: Executing JavaScript in web view...
[11:57:17.525] JS [JavaScriptConsoleMessageLevel.InfoMessageLevel]: Python bridge script executing for callback: cb_1767508037510_bmvos70ns (line 3, source: )
[11:57:17.526] JS [JavaScriptConsoleMessageLevel.InfoMessageLevel]: Checking pythonBridge availability: object (line 4, source: )
[11:57:17.526] JS [JavaScriptConsoleMessageLevel.InfoMessageLevel]: Executing callback directly for: cb_1767508037510_bmvos70ns (line 7, source: )
[11:57:17.527] JS [JavaScriptConsoleMessageLevel.InfoMessageLevel]: Calling callback with data: [object Object] (line 27, source: )
[11:57:17.528] JS [JavaScriptConsoleMessageLevel.InfoMessageLevel]: Callback executed successfully (line 29, source: )
[11:57:18.499] PYTHON: === PythonBridge.send called ===
[11:57:18.499] PYTHON: Action: subscribe_realtime
[11:57:18.500] PYTHON: Data: {"subscriber_id":"main_1767508037494"}
[11:57:18.500] PYTHON: Callback ID: rt_1767508038498_vxxinsw5z
[11:57:18.500] PYTHON: Bridge available: True
[11:57:18.501] PYTHON: Subscribing to realtime: subscriber_id=main_1767508037494, callback_id=rt_1767508038498_vxxinsw5z
[11:57:18.501] PYTHON: Sending subscription response: {'subscriber_id': 'main_1767508037494', 'last_data': {}}
[11:57:18.502] PYTHON: send_to_js called: action=realtime_subscribed, callback_id=rt_1767508038498_vxxinsw5z
[11:57:18.502] PYTHON: Data type: <class 'dict'>, size: 56
[11:57:18.503] PYTHON: Data being sent to JavaScript:
{
  "subscriber_id": "main_1767508037494",
  "last_data": {}
}
[11:57:18.503] PYTHON: Executing JavaScript in web view...
[11:57:18.505] JS [JavaScriptConsoleMessageLevel.InfoMessageLevel]: Python bridge script executing for callback: rt_1767508038498_vxxinsw5z (line 3, source: )
[11:57:18.506] JS [JavaScriptConsoleMessageLevel.InfoMessageLevel]: Checking pythonBridge availability: object (line 4, source: )
[11:57:18.507] JS [JavaScriptConsoleMessageLevel.InfoMessageLevel]: Executing callback directly for: rt_1767508038498_vxxinsw5z (line 7, source: )
[11:57:18.507] JS [JavaScriptConsoleMessageLevel.InfoMessageLevel]: Calling callback with data: [object Object] (line 15, source: )
[11:57:18.508] JS [JavaScriptConsoleMessageLevel.InfoMessageLevel]: Callback executed successfully (line 17, source: )
[11:57:18.508] JS [JavaScriptConsoleMessageLevel.InfoMessageLevel]: ✅ Subscribed to real-time updates (line 76, source: file:///C:/Users/Moonlight/AppData/Roaming/Anki2/addons21/math_drill/web/realtime-sync.js)
[11:57:20.230] JS [JavaScriptConsoleMessageLevel.InfoMessageLevel]: sendToPython called: get_stats [object Object] (line 1061, source: file:///C:/Users/Moonlight/AppData/Roaming/Anki2/addons21/math_drill/web/script.js)
[11:57:20.231] JS [JavaScriptConsoleMessageLevel.InfoMessageLevel]: Generated callback ID: cb_1767508040230_gkx7hpkyp (line 1065, source: file:///C:/Users/Moonlight/AppData/Roaming/Anki2/addons21/math_drill/web/script.js)
[11:57:20.231] JS [JavaScriptConsoleMessageLevel.InfoMessageLevel]: Sending to Python bridge... (line 1076, source: file:///C:/Users/Moonlight/AppData/Roaming/Anki2/addons21/math_drill/web/script.js)
[11:57:20.232] PYTHON: === PythonBridge.send called ===
[11:57:20.232] PYTHON: Action: get_stats
[11:57:20.233] PYTHON: Data: {}
[11:57:20.233] PYTHON: Callback ID: cb_1767508040230_gkx7hpkyp
[11:57:20.233] PYTHON: Bridge available: True
[11:57:20.235] PYTHON: send_to_js called: action=stats_result, callback_id=cb_1767508040230_gkx7hpkyp
[11:57:20.235] PYTHON: Data type: <class 'dict'>, size: 284
[11:57:20.236] PYTHON: Data being sent to JavaScript:
{
  "session": 0,
  "today": 2,
  "lifetime": 2,
  "accuracy": 100.0,
  "avgSpeed": 6.908999919891357,
  "totalTime": 13.817999839782715,
  "daily_goals": {
    "target_questions": 20,
    "target_time_minutes": 10,
    "questions_completed": 0,
    "time_spent_minutes": 0.0,
    "achieved": false
  },
  "practice_days": 1
}
[11:57:20.236] PYTHON: Executing JavaScript in web view...
[11:57:20.238] JS [JavaScriptConsoleMessageLevel.InfoMessageLevel]: Python bridge script executing for callback: cb_1767508040230_gkx7hpkyp (line 3, source: )
[11:57:20.238] JS [JavaScriptConsoleMessageLevel.InfoMessageLevel]: Checking pythonBridge availability: object (line 4, source: )
[11:57:20.239] JS [JavaScriptConsoleMessageLevel.InfoMessageLevel]: Executing callback directly for: cb_1767508040230_gkx7hpkyp (line 7, source: )
[11:57:20.239] JS [JavaScriptConsoleMessageLevel.InfoMessageLevel]: Calling callback with data: [object Object] (line 27, source: )
[11:57:20.240] JS [JavaScriptConsoleMessageLevel.InfoMessageLevel]: Callback executed successfully (line 29, source: )
[11:57:23.582] JS [JavaScriptConsoleMessageLevel.InfoMessageLevel]: ✅ Progress page: Python bridge initialized successfully (line 136, source: file:///C:/Users/Moonlight/AppData/Roaming/Anki2/addons21/math_drill/web/progress.html)
[11:57:23.583] JS [JavaScriptConsoleMessageLevel.InfoMessageLevel]: 🚀 Initializing ProgressPage... (line 40, source: file:///C:/Users/Moonlight/AppData/Roaming/Anki2/addons21/math_drill/web/progress.js)
[11:57:23.584] JS [JavaScriptConsoleMessageLevel.InfoMessageLevel]: 🚀 Starting to load progress data... (line 90, source: file:///C:/Users/Moonlight/AppData/Roaming/Anki2/addons21/math_drill/web/progress.js)
[11:57:23.585] JS [JavaScriptConsoleMessageLevel.InfoMessageLevel]: 🔗 Python bridge available, requesting data... (line 109, source: file:///C:/Users/Moonlight/AppData/Roaming/Anki2/addons21/math_drill/web/progress.js)
[11:57:23.585] JS [JavaScriptConsoleMessageLevel.InfoMessageLevel]: Sending to Python bridge: get_progress_data [object Object] cb_1767508043584_kx6ay0474 (line 988, source: file:///C:/Users/Moonlight/AppData/Roaming/Anki2/addons21/math_drill/web/progress.js)
[11:57:23.586] PYTHON: === PythonBridge.send called ===
[11:57:23.586] PYTHON: Action: get_progress_data
[11:57:23.587] PYTHON: Data: {"period":"week"}
[11:57:23.587] PYTHON: Callback ID: cb_1767508043584_kx6ay0474
[11:57:23.587] PYTHON: Bridge available: True
[11:57:23.588] PYTHON: Generating fresh progress data...
[11:57:23.589] PYTHON: send_to_js called: action=progress_data_result, callback_id=cb_1767508043584_kx6ay0474
[11:57:23.589] PYTHON: Data type: <class 'dict'>, size: 0
[11:57:23.590] PYTHON: Data being sent to JavaScript:
{}
[11:57:23.590] PYTHON: Executing JavaScript in web view...
[11:57:23.592] PYTHON: Real progress data generated: 2 total, 100.0% accuracy
[11:57:23.593] PYTHON: Pushing newly generated fast data to frontend.
[11:57:23.595] JS [JavaScriptConsoleMessageLevel.InfoMessageLevel]: Python bridge script executing for callback: cb_1767508043584_kx6ay0474 (line 3, source: )
[11:57:23.596] JS [JavaScriptConsoleMessageLevel.InfoMessageLevel]: Checking pythonBridge availability: object (line 4, source: )
[11:57:23.596] JS [JavaScriptConsoleMessageLevel.InfoMessageLevel]: Executing callback directly for: cb_1767508043584_kx6ay0474 (line 7, source: )
[11:57:23.597] JS [JavaScriptConsoleMessageLevel.InfoMessageLevel]: Calling callback with data: [object Object] (line 12, source: )
[11:57:23.597] JS [JavaScriptConsoleMessageLevel.InfoMessageLevel]: Received callback result: [object Object] (line 983, source: file:///C:/Users/Moonlight/AppData/Roaming/Anki2/addons21/math_drill/web/progress.js)
[11:57:23.598] JS [JavaScriptConsoleMessageLevel.InfoMessageLevel]: Callback executed successfully (line 14, source: )
[11:57:23.598] JS [JavaScriptConsoleMessageLevel.InfoMessageLevel]: 📊 Received data: [object Object] (line 117, source: file:///C:/Users/Moonlight/AppData/Roaming/Anki2/addons21/math_drill/web/progress.js)
[11:57:23.599] JS [JavaScriptConsoleMessageLevel.InfoMessageLevel]: ⏳ No data received. Waiting for data push from Python. (line 128, source: file:///C:/Users/Moonlight/AppData/Roaming/Anki2/addons21/math_drill/web/progress.js)
[11:57:23.599] JS [JavaScriptConsoleMessageLevel.InfoMessageLevel]: 🎯 Total load time: 12.30ms (line 143, source: file:///C:/Users/Moonlight/AppData/Roaming/Anki2/addons21/math_drill/web/progress.js)
[11:57:23.600] JS [JavaScriptConsoleMessageLevel.InfoMessageLevel]: Received fast data push from Python: [object Object] (line 365, source: file:///C:/Users/Moonlight/AppData/Roaming/Anki2/addons21/math_drill/web/progress.js)
[11:57:23.674] JS [JavaScriptConsoleMessageLevel.InfoMessageLevel]: 🚀 Initializing ProgressPage... (line 40, source: file:///C:/Users/Moonlight/AppData/Roaming/Anki2/addons21/math_drill/web/progress.js)
[11:57:23.674] JS [JavaScriptConsoleMessageLevel.InfoMessageLevel]: 🚀 Starting to load progress data... (line 90, source: file:///C:/Users/Moonlight/AppData/Roaming/Anki2/addons21/math_drill/web/progress.js)
[11:57:23.675] JS [JavaScriptConsoleMessageLevel.InfoMessageLevel]: 🔗 Python bridge available, requesting data... (line 109, source: file:///C:/Users/Moonlight/AppData/Roaming/Anki2/addons21/math_drill/web/progress.js)
[11:57:23.676] JS [JavaScriptConsoleMessageLevel.InfoMessageLevel]: Sending to Python bridge: get_progress_data [object Object] cb_1767508043675_v6owub7ld (line 988, source: file:///C:/Users/Moonlight/AppData/Roaming/Anki2/addons21/math_drill/web/progress.js)
[11:57:23.676] PYTHON: === PythonBridge.send called ===
[11:57:23.677] PYTHON: Action: get_progress_data
[11:57:23.677] PYTHON: Data: {"period":"week"}
[11:57:23.677] PYTHON: Callback ID: cb_1767508043675_v6owub7ld
[11:57:23.678] PYTHON: Bridge available: True
[11:57:23.678] PYTHON: Generating fresh progress data...
[11:57:23.679] PYTHON: send_to_js called: action=progress_data_result, callback_id=cb_1767508043675_v6owub7ld
[11:57:23.680] PYTHON: Data type: <class 'dict'>, size: 0
[11:57:23.681] PYTHON: Data being sent to JavaScript:
{}
[11:57:23.681] PYTHON: Real progress data generated: 2 total, 100.0% accuracy
[11:57:23.681] PYTHON: Executing JavaScript in web view...
[11:57:23.682] PYTHON: Pushing newly generated fast data to frontend.
[11:57:23.686] JS [JavaScriptConsoleMessageLevel.InfoMessageLevel]: Python bridge script executing for callback: cb_1767508043675_v6owub7ld (line 3, source: )
[11:57:23.686] JS [JavaScriptConsoleMessageLevel.InfoMessageLevel]: Checking pythonBridge availability: object (line 4, source: )
[11:57:23.687] JS [JavaScriptConsoleMessageLevel.InfoMessageLevel]: Executing callback directly for: cb_1767508043675_v6owub7ld (line 7, source: )
[11:57:23.687] JS [JavaScriptConsoleMessageLevel.InfoMessageLevel]: Calling callback with data: [object Object] (line 12, source: )
[11:57:23.688] JS [JavaScriptConsoleMessageLevel.InfoMessageLevel]: Received callback result: [object Object] (line 983, source: file:///C:/Users/Moonlight/AppData/Roaming/Anki2/addons21/math_drill/web/progress.js)
[11:57:23.688] JS [JavaScriptConsoleMessageLevel.InfoMessageLevel]: Callback executed successfully (line 14, source: )
[11:57:23.689] JS [JavaScriptConsoleMessageLevel.InfoMessageLevel]: 📊 Received data: [object Object] (line 117, source: file:///C:/Users/Moonlight/AppData/Roaming/Anki2/addons21/math_drill/web/progress.js)
[11:57:23.689] JS [JavaScriptConsoleMessageLevel.InfoMessageLevel]: ⏳ No data received. Waiting for data push from Python. (line 128, source: file:///C:/Users/Moonlight/AppData/Roaming/Anki2/addons21/math_drill/web/progress.js)
[11:57:23.690] JS [JavaScriptConsoleMessageLevel.InfoMessageLevel]: 🎯 Total load time: 11.90ms (line 143, source: file:///C:/Users/Moonlight/AppData/Roaming/Anki2/addons21/math_drill/web/progress.js)
[11:57:23.690] JS [JavaScriptConsoleMessageLevel.InfoMessageLevel]: Received fast data push from Python: [object Object] (line 365, source: file:///C:/Users/Moonlight/AppData/Roaming/Anki2/addons21/math_drill/web/progress.js)
[11:57:23.693] PYTHON: Updating progress data with heavy data components...
[11:57:23.697] PYTHON: Progress data updated with heavy data components
[11:57:23.784] PYTHON: Updating progress data with heavy data components...
[11:57:23.787] PYTHON: Progress data updated with heavy data components
[11:57:29.417] JS [JavaScriptConsoleMessageLevel.WarningMessageLevel]: Element themeToggle not found (line 93, source: file:///C:/Users/Moonlight/AppData/Roaming/Anki2/addons21/math_drill/web/settings.js)
[11:57:29.418] JS [JavaScriptConsoleMessageLevel.InfoMessageLevel]: Applied theme color purple: [object Object] (line 157, source: file:///C:/Users/Moonlight/AppData/Roaming/Anki2/addons21/math_drill/web/settings.js)
[11:57:29.419] JS [JavaScriptConsoleMessageLevel.InfoMessageLevel]: Applied theme color purple: [object Object] (line 157, source: file:///C:/Users/Moonlight/AppData/Roaming/Anki2/addons21/math_drill/web/settings.js)
[11:57:29.419] JS [JavaScriptConsoleMessageLevel.WarningMessageLevel]: Element soundToggle not found (line 93, source: file:///C:/Users/Moonlight/AppData/Roaming/Anki2/addons21/math_drill/web/settings.js)
[11:57:29.420] JS [JavaScriptConsoleMessageLevel.WarningMessageLevel]: Element hintsToggle not found (line 93, source: file:///C:/Users/Moonlight/AppData/Roaming/Anki2/addons21/math_drill/web/settings.js)
[11:57:29.420] JS [JavaScriptConsoleMessageLevel.WarningMessageLevel]: Element timerToggle not found (line 93, source: file:///C:/Users/Moonlight/AppData/Roaming/Anki2/addons21/math_drill/web/settings.js)
[11:57:29.420] JS [JavaScriptConsoleMessageLevel.WarningMessageLevel]: Element animationsToggle not found (line 93, source: file:///C:/Users/Moonlight/AppData/Roaming/Anki2/addons21/math_drill/web/settings.js)
[11:57:29.421] JS [JavaScriptConsoleMessageLevel.WarningMessageLevel]: Element autosaveToggle not found (line 93, source: file:///C:/Users/Moonlight/AppData/Roaming/Anki2/addons21/math_drill/web/settings.js)
[11:57:29.421] JS [JavaScriptConsoleMessageLevel.WarningMessageLevel]: Element shortcutsToggle not found (line 93, source: file:///C:/Users/Moonlight/AppData/Roaming/Anki2/addons21/math_drill/web/settings.js)
[11:57:29.422] JS [JavaScriptConsoleMessageLevel.InfoMessageLevel]: ✅ Python bridge initialized successfully (line 156, source: file:///C:/Users/Moonlight/AppData/Roaming/Anki2/addons21/math_drill/web/index.html)
[11:57:29.422] JS [JavaScriptConsoleMessageLevel.InfoMessageLevel]: Initializing MathDrillWeb... (line 85, source: file:///C:/Users/Moonlight/AppData/Roaming/Anki2/addons21/math_drill/web/script.js)
[11:57:29.423] JS [JavaScriptConsoleMessageLevel.InfoMessageLevel]:  Bridge status: Connected (line 87, source: file:///C:/Users/Moonlight/AppData/Roaming/Anki2/addons21/math_drill/web/script.js)
[11:57:29.423] JS [JavaScriptConsoleMessageLevel.InfoMessageLevel]: sendToPython called: get_stats [object Object] (line 1061, source: file:///C:/Users/Moonlight/AppData/Roaming/Anki2/addons21/math_drill/web/script.js)
[11:57:29.424] JS [JavaScriptConsoleMessageLevel.InfoMessageLevel]: Generated callback ID: cb_1767508049419_kb9ojpfjb (line 1065, source: file:///C:/Users/Moonlight/AppData/Roaming/Anki2/addons21/math_drill/web/script.js)
[11:57:29.424] JS [JavaScriptConsoleMessageLevel.InfoMessageLevel]: Sending to Python bridge... (line 1076, source: file:///C:/Users/Moonlight/AppData/Roaming/Anki2/addons21/math_drill/web/script.js)
[11:57:29.425] PYTHON: === PythonBridge.send called ===
[11:57:29.425] PYTHON: Action: get_stats
[11:57:29.425] PYTHON: Data: {}
[11:57:29.426] PYTHON: Callback ID: cb_1767508049419_kb9ojpfjb
[11:57:29.426] PYTHON: Bridge available: True
[11:57:29.428] PYTHON: send_to_js called: action=stats_result, callback_id=cb_1767508049419_kb9ojpfjb
[11:57:29.428] PYTHON: Data type: <class 'dict'>, size: 284
[11:57:29.429] PYTHON: Data being sent to JavaScript:
{
  "session": 0,
  "today": 2,
  "lifetime": 2,
  "accuracy": 100.0,
  "avgSpeed": 6.908999919891357,
  "totalTime": 13.817999839782715,
  "daily_goals": {
    "target_questions": 20,
    "target_time_minutes": 10,
    "questions_completed": 0,
    "time_spent_minutes": 0.0,
    "achieved": false
  },
  "practice_days": 1
}
[11:57:29.429] PYTHON: Executing JavaScript in web view...
[11:57:29.433] JS [JavaScriptConsoleMessageLevel.InfoMessageLevel]: Python bridge script executing for callback: cb_1767508049419_kb9ojpfjb (line 3, source: )
[11:57:29.434] JS [JavaScriptConsoleMessageLevel.InfoMessageLevel]: Checking pythonBridge availability: object (line 4, source: )
[11:57:29.434] JS [JavaScriptConsoleMessageLevel.InfoMessageLevel]: Executing callback directly for: cb_1767508049419_kb9ojpfjb (line 7, source: )
[11:57:29.435] JS [JavaScriptConsoleMessageLevel.InfoMessageLevel]: Calling callback with data: [object Object] (line 27, source: )
[11:57:29.435] JS [JavaScriptConsoleMessageLevel.InfoMessageLevel]: Callback executed successfully (line 29, source: )
[11:57:30.228] JS [JavaScriptConsoleMessageLevel.InfoMessageLevel]: sendToPython called: get_stats [object Object] (line 1061, source: file:///C:/Users/Moonlight/AppData/Roaming/Anki2/addons21/math_drill/web/script.js)
[11:57:30.228] JS [JavaScriptConsoleMessageLevel.InfoMessageLevel]: Generated callback ID: cb_1767508050227_i1hu0w3v8 (line 1065, source: file:///C:/Users/Moonlight/AppData/Roaming/Anki2/addons21/math_drill/web/script.js)
[11:57:30.229] JS [JavaScriptConsoleMessageLevel.InfoMessageLevel]: Sending to Python bridge... (line 1076, source: file:///C:/Users/Moonlight/AppData/Roaming/Anki2/addons21/math_drill/web/script.js)
[11:57:30.229] PYTHON: === PythonBridge.send called ===
[11:57:30.230] PYTHON: Action: get_stats
[11:57:30.230] PYTHON: Data: {}
[11:57:30.230] PYTHON: Callback ID: cb_1767508050227_i1hu0w3v8
[11:57:30.231] PYTHON: Bridge available: True
[11:57:30.233] PYTHON: send_to_js called: action=stats_result, callback_id=cb_1767508050227_i1hu0w3v8
[11:57:30.234] PYTHON: Data type: <class 'dict'>, size: 284
[11:57:30.234] PYTHON: Data being sent to JavaScript:
{
  "session": 0,
  "today": 2,
  "lifetime": 2,
  "accuracy": 100.0,
  "avgSpeed": 6.908999919891357,
  "totalTime": 13.817999839782715,
  "daily_goals": {
    "target_questions": 20,
    "target_time_minutes": 10,
    "questions_completed": 0,
    "time_spent_minutes": 0.0,
    "achieved": false
  },
  "practice_days": 1
}
[11:57:30.235] PYTHON: Executing JavaScript in web view...
[11:57:30.237] JS [JavaScriptConsoleMessageLevel.InfoMessageLevel]: Python bridge script executing for callback: cb_1767508050227_i1hu0w3v8 (line 3, source: )
[11:57:30.237] JS [JavaScriptConsoleMessageLevel.InfoMessageLevel]: Checking pythonBridge availability: object (line 4, source: )
[11:57:30.238] JS [JavaScriptConsoleMessageLevel.InfoMessageLevel]: Executing callback directly for: cb_1767508050227_i1hu0w3v8 (line 7, source: )
[11:57:30.238] JS [JavaScriptConsoleMessageLevel.InfoMessageLevel]: Calling callback with data: [object Object] (line 27, source: )
[11:57:30.239] JS [JavaScriptConsoleMessageLevel.InfoMessageLevel]: Callback executed successfully (line 29, source: )
[11:57:30.412] PYTHON: === PythonBridge.send called ===
[11:57:30.413] PYTHON: Action: subscribe_realtime
[11:57:30.413] PYTHON: Data: {"subscriber_id":"main_1767508049403"}
[11:57:30.414] PYTHON: Callback ID: rt_1767508050410_7osq17c56
[11:57:30.414] PYTHON: Bridge available: True
[11:57:30.414] PYTHON: Subscribing to realtime: subscriber_id=main_1767508049403, callback_id=rt_1767508050410_7osq17c56
[11:57:30.415] PYTHON: Sending subscription response: {'subscriber_id': 'main_1767508049403', 'last_data': {}}
[11:57:30.415] PYTHON: send_to_js called: action=realtime_subscribed, callback_id=rt_1767508050410_7osq17c56
[11:57:30.416] PYTHON: Data type: <class 'dict'>, size: 56
[11:57:30.416] PYTHON: Data being sent to JavaScript:
{
  "subscriber_id": "main_1767508049403",
  "last_data": {}
}
[11:57:30.416] PYTHON: Executing JavaScript in web view...
[11:57:30.419] JS [JavaScriptConsoleMessageLevel.InfoMessageLevel]: Python bridge script executing for callback: rt_1767508050410_7osq17c56 (line 3, source: )
[11:57:30.420] JS [JavaScriptConsoleMessageLevel.InfoMessageLevel]: Checking pythonBridge availability: object (line 4, source: )
[11:57:30.420] JS [JavaScriptConsoleMessageLevel.InfoMessageLevel]: Executing callback directly for: rt_1767508050410_7osq17c56 (line 7, source: )
[11:57:30.422] JS [JavaScriptConsoleMessageLevel.InfoMessageLevel]: Calling callback with data: [object Object] (line 15, source: )
[11:57:30.422] JS [JavaScriptConsoleMessageLevel.InfoMessageLevel]: Callback executed successfully (line 17, source: )
[11:57:30.422] JS [JavaScriptConsoleMessageLevel.InfoMessageLevel]: ✅ Subscribed to real-time updates (line 76, source: file:///C:/Users/Moonlight/AppData/Roaming/Anki2/addons21/math_drill/web/realtime-sync.js)
[11:57:35.228] JS [JavaScriptConsoleMessageLevel.InfoMessageLevel]: sendToPython called: get_stats [object Object] (line 1061, source: file:///C:/Users/Moonlight/AppData/Roaming/Anki2/addons21/math_drill/web/script.js)
[11:57:35.228] JS [JavaScriptConsoleMessageLevel.InfoMessageLevel]: Generated callback ID: cb_1767508055227_gu39agtzs (line 1065, source: file:///C:/Users/Moonlight/AppData/Roaming/Anki2/addons21/math_drill/web/script.js)
[11:57:35.229] JS [JavaScriptConsoleMessageLevel.InfoMessageLevel]: Sending to Python bridge... (line 1076, source: file:///C:/Users/Moonlight/AppData/Roaming/Anki2/addons21/math_drill/web/script.js)
[11:57:35.230] PYTHON: === PythonBridge.send called ===
[11:57:35.230] PYTHON: Action: get_stats
[11:57:35.231] PYTHON: Data: {}
[11:57:35.231] PYTHON: Callback ID: cb_1767508055227_gu39agtzs
[11:57:35.231] PYTHON: Bridge available: True
[11:57:35.234] PYTHON: send_to_js called: action=stats_result, callback_id=cb_1767508055227_gu39agtzs
[11:57:35.234] PYTHON: Data type: <class 'dict'>, size: 284
[11:57:35.234] PYTHON: Data being sent to JavaScript:
{
  "session": 0,
  "today": 2,
  "lifetime": 2,
  "accuracy": 100.0,
  "avgSpeed": 6.908999919891357,
  "totalTime": 13.817999839782715,
  "daily_goals": {
    "target_questions": 20,
    "target_time_minutes": 10,
    "questions_completed": 0,
    "time_spent_minutes": 0.0,
    "achieved": false
  },
  "practice_days": 1
}
[11:57:35.235] PYTHON: Executing JavaScript in web view...
[11:57:35.236] JS [JavaScriptConsoleMessageLevel.InfoMessageLevel]: Python bridge script executing for callback: cb_1767508055227_gu39agtzs (line 3, source: )
[11:57:35.237] JS [JavaScriptConsoleMessageLevel.InfoMessageLevel]: Checking pythonBridge availability: object (line 4, source: )
[11:57:35.237] JS [JavaScriptConsoleMessageLevel.InfoMessageLevel]: Executing callback directly for: cb_1767508055227_gu39agtzs (line 7, source: )
[11:57:35.237] JS [JavaScriptConsoleMessageLevel.InfoMessageLevel]: Calling callback with data: [object Object] (line 27, source: )
[11:57:35.238] JS [JavaScriptConsoleMessageLevel.InfoMessageLevel]: Callback executed successfully (line 29, source: )
[11:57:36.301] JS [JavaScriptConsoleMessageLevel.InfoMessageLevel]: Updating toggle themeToggle to true (line 86, source: file:///C:/Users/Moonlight/AppData/Roaming/Anki2/addons21/math_drill/web/settings.js)
[11:57:36.302] JS [JavaScriptConsoleMessageLevel.InfoMessageLevel]: Applied theme color purple: [object Object] (line 157, source: file:///C:/Users/Moonlight/AppData/Roaming/Anki2/addons21/math_drill/web/settings.js)
[11:57:36.302] JS [JavaScriptConsoleMessageLevel.InfoMessageLevel]: Applied theme color purple: [object Object] (line 157, source: file:///C:/Users/Moonlight/AppData/Roaming/Anki2/addons21/math_drill/web/settings.js)
[11:57:36.303] JS [JavaScriptConsoleMessageLevel.InfoMessageLevel]: Updating toggle soundToggle to true (line 86, source: file:///C:/Users/Moonlight/AppData/Roaming/Anki2/addons21/math_drill/web/settings.js)
[11:57:36.303] JS [JavaScriptConsoleMessageLevel.InfoMessageLevel]: Updating toggle hintsToggle to true (line 86, source: file:///C:/Users/Moonlight/AppData/Roaming/Anki2/addons21/math_drill/web/settings.js)
[11:57:36.304] JS [JavaScriptConsoleMessageLevel.InfoMessageLevel]: Updating toggle timerToggle to true (line 86, source: file:///C:/Users/Moonlight/AppData/Roaming/Anki2/addons21/math_drill/web/settings.js)
[11:57:36.304] JS [JavaScriptConsoleMessageLevel.InfoMessageLevel]: Updating toggle animationsToggle to true (line 86, source: file:///C:/Users/Moonlight/AppData/Roaming/Anki2/addons21/math_drill/web/settings.js)
[11:57:36.306] JS [JavaScriptConsoleMessageLevel.InfoMessageLevel]: Updating toggle autosaveToggle to true (line 86, source: file:///C:/Users/Moonlight/AppData/Roaming/Anki2/addons21/math_drill/web/settings.js)
[11:57:36.306] JS [JavaScriptConsoleMessageLevel.InfoMessageLevel]: Updating toggle shortcutsToggle to true (line 86, source: file:///C:/Users/Moonlight/AppData/Roaming/Anki2/addons21/math_drill/web/settings.js)
[11:57:38.587] JS [JavaScriptConsoleMessageLevel.WarningMessageLevel]: Element themeToggle not found (line 93, source: file:///C:/Users/Moonlight/AppData/Roaming/Anki2/addons21/math_drill/web/settings.js)
[11:57:38.587] JS [JavaScriptConsoleMessageLevel.InfoMessageLevel]: Applied theme color purple: [object Object] (line 157, source: file:///C:/Users/Moonlight/AppData/Roaming/Anki2/addons21/math_drill/web/settings.js)
[11:57:38.588] JS [JavaScriptConsoleMessageLevel.InfoMessageLevel]: Applied theme color purple: [object Object] (line 157, source: file:///C:/Users/Moonlight/AppData/Roaming/Anki2/addons21/math_drill/web/settings.js)
[11:57:38.588] JS [JavaScriptConsoleMessageLevel.WarningMessageLevel]: Element soundToggle not found (line 93, source: file:///C:/Users/Moonlight/AppData/Roaming/Anki2/addons21/math_drill/web/settings.js)
[11:57:38.589] JS [JavaScriptConsoleMessageLevel.WarningMessageLevel]: Element hintsToggle not found (line 93, source: file:///C:/Users/Moonlight/AppData/Roaming/Anki2/addons21/math_drill/web/settings.js)
[11:57:38.590] JS [JavaScriptConsoleMessageLevel.WarningMessageLevel]: Element timerToggle not found (line 93, source: file:///C:/Users/Moonlight/AppData/Roaming/Anki2/addons21/math_drill/web/settings.js)
[11:57:38.590] JS [JavaScriptConsoleMessageLevel.WarningMessageLevel]: Element animationsToggle not found (line 93, source: file:///C:/Users/Moonlight/AppData/Roaming/Anki2/addons21/math_drill/web/settings.js)
[11:57:38.592] JS [JavaScriptConsoleMessageLevel.WarningMessageLevel]: Element autosaveToggle not found (line 93, source: file:///C:/Users/Moonlight/AppData/Roaming/Anki2/addons21/math_drill/web/settings.js)
[11:57:38.593] JS [JavaScriptConsoleMessageLevel.WarningMessageLevel]: Element shortcutsToggle not found (line 93, source: file:///C:/Users/Moonlight/AppData/Roaming/Anki2/addons21/math_drill/web/settings.js)
[11:57:38.595] JS [JavaScriptConsoleMessageLevel.InfoMessageLevel]: ✅ Python bridge initialized successfully (line 156, source: file:///C:/Users/Moonlight/AppData/Roaming/Anki2/addons21/math_drill/web/index.html)
[11:57:38.596] JS [JavaScriptConsoleMessageLevel.InfoMessageLevel]: Initializing MathDrillWeb... (line 85, source: file:///C:/Users/Moonlight/AppData/Roaming/Anki2/addons21/math_drill/web/script.js)
[11:57:38.597] JS [JavaScriptConsoleMessageLevel.InfoMessageLevel]:  Bridge status: Connected (line 87, source: file:///C:/Users/Moonlight/AppData/Roaming/Anki2/addons21/math_drill/web/script.js)
[11:57:38.597] JS [JavaScriptConsoleMessageLevel.InfoMessageLevel]: sendToPython called: get_stats [object Object] (line 1061, source: file:///C:/Users/Moonlight/AppData/Roaming/Anki2/addons21/math_drill/web/script.js)
[11:57:38.598] JS [JavaScriptConsoleMessageLevel.InfoMessageLevel]: Generated callback ID: cb_1767508058596_fuq9mgdtj (line 1065, source: file:///C:/Users/Moonlight/AppData/Roaming/Anki2/addons21/math_drill/web/script.js)
[11:57:38.598] JS [JavaScriptConsoleMessageLevel.InfoMessageLevel]: Sending to Python bridge... (line 1076, source: file:///C:/Users/Moonlight/AppData/Roaming/Anki2/addons21/math_drill/web/script.js)
[11:57:38.599] PYTHON: === PythonBridge.send called ===
[11:57:38.600] PYTHON: Action: get_stats
[11:57:38.600] PYTHON: Data: {}
[11:57:38.600] PYTHON: Callback ID: cb_1767508058596_fuq9mgdtj
[11:57:38.601] PYTHON: Bridge available: True
[11:57:38.603] PYTHON: send_to_js called: action=stats_result, callback_id=cb_1767508058596_fuq9mgdtj
[11:57:38.603] PYTHON: Data type: <class 'dict'>, size: 284
[11:57:38.604] PYTHON: Data being sent to JavaScript:
{
  "session": 0,
  "today": 2,
  "lifetime": 2,
  "accuracy": 100.0,
  "avgSpeed": 6.908999919891357,
  "totalTime": 13.817999839782715,
  "daily_goals": {
    "target_questions": 20,
    "target_time_minutes": 10,
    "questions_completed": 0,
    "time_spent_minutes": 0.0,
    "achieved": false
  },
  "practice_days": 1
}
[11:57:38.604] PYTHON: Executing JavaScript in web view...
[11:57:38.605] JS [JavaScriptConsoleMessageLevel.InfoMessageLevel]: Python bridge script executing for callback: cb_1767508058596_fuq9mgdtj (line 3, source: )
[11:57:38.606] JS [JavaScriptConsoleMessageLevel.InfoMessageLevel]: Checking pythonBridge availability: object (line 4, source: )
[11:57:38.606] JS [JavaScriptConsoleMessageLevel.InfoMessageLevel]: Executing callback directly for: cb_1767508058596_fuq9mgdtj (line 7, source: )
[11:57:38.607] JS [JavaScriptConsoleMessageLevel.InfoMessageLevel]: Calling callback with data: [object Object] (line 27, source: )
[11:57:38.607] JS [JavaScriptConsoleMessageLevel.InfoMessageLevel]: Callback executed successfully (line 29, source: )
[11:57:39.572] PYTHON: === PythonBridge.send called ===
[11:57:39.573] PYTHON: Action: subscribe_realtime
[11:57:39.573] PYTHON: Data: {"subscriber_id":"main_1767508058570"}
[11:57:39.573] PYTHON: Callback ID: rt_1767508059571_agr62t1op
[11:57:39.574] PYTHON: Bridge available: True
[11:57:39.574] PYTHON: Subscribing to realtime: subscriber_id=main_1767508058570, callback_id=rt_1767508059571_agr62t1op
[11:57:39.575] PYTHON: Sending subscription response: {'subscriber_id': 'main_1767508058570', 'last_data': {}}
[11:57:39.576] PYTHON: send_to_js called: action=realtime_subscribed, callback_id=rt_1767508059571_agr62t1op
[11:57:39.576] PYTHON: Data type: <class 'dict'>, size: 56
[11:57:39.576] PYTHON: Data being sent to JavaScript:
{
  "subscriber_id": "main_1767508058570",
  "last_data": {}
}
[11:57:39.577] PYTHON: Executing JavaScript in web view...
[11:57:39.581] JS [JavaScriptConsoleMessageLevel.InfoMessageLevel]: Python bridge script executing for callback: rt_1767508059571_agr62t1op (line 3, source: )
[11:57:39.582] JS [JavaScriptConsoleMessageLevel.InfoMessageLevel]: Checking pythonBridge availability: object (line 4, source: )
[11:57:39.582] JS [JavaScriptConsoleMessageLevel.InfoMessageLevel]: Executing callback directly for: rt_1767508059571_agr62t1op (line 7, source: )
[11:57:39.582] JS [JavaScriptConsoleMessageLevel.InfoMessageLevel]: Calling callback with data: [object Object] (line 15, source: )
[11:57:39.583] JS [JavaScriptConsoleMessageLevel.InfoMessageLevel]: Callback executed successfully (line 17, source: )
[11:57:39.584] JS [JavaScriptConsoleMessageLevel.InfoMessageLevel]: ✅ Subscribed to real-time updates (line 76, source: file:///C:/Users/Moonlight/AppData/Roaming/Anki2/addons21/math_drill/web/realtime-sync.js)
[11:57:40.227] JS [JavaScriptConsoleMessageLevel.InfoMessageLevel]: sendToPython called: get_stats [object Object] (line 1061, source: file:///C:/Users/Moonlight/AppData/Roaming/Anki2/addons21/math_drill/web/script.js)
[11:57:40.229] JS [JavaScriptConsoleMessageLevel.InfoMessageLevel]: Generated callback ID: cb_1767508060227_t1r97bzd0 (line 1065, source: file:///C:/Users/Moonlight/AppData/Roaming/Anki2/addons21/math_drill/web/script.js)
[11:57:40.231] JS [JavaScriptConsoleMessageLevel.InfoMessageLevel]: Sending to Python bridge... (line 1076, source: file:///C:/Users/Moonlight/AppData/Roaming/Anki2/addons21/math_drill/web/script.js)
[11:57:40.232] PYTHON: === PythonBridge.send called ===
[11:57:40.232] PYTHON: Action: get_stats
[11:57:40.232] PYTHON: Data: {}
[11:57:40.233] PYTHON: Callback ID: cb_1767508060227_t1r97bzd0
[11:57:40.233] PYTHON: Bridge available: True
[11:57:40.235] PYTHON: send_to_js called: action=stats_result, callback_id=cb_1767508060227_t1r97bzd0
[11:57:40.236] PYTHON: Data type: <class 'dict'>, size: 284
[11:57:40.236] PYTHON: Data being sent to JavaScript:
{
  "session": 0,
  "today": 2,
  "lifetime": 2,
  "accuracy": 100.0,
  "avgSpeed": 6.908999919891357,
  "totalTime": 13.817999839782715,
  "daily_goals": {
    "target_questions": 20,
    "target_time_minutes": 10,
    "questions_completed": 0,
    "time_spent_minutes": 0.0,
    "achieved": false
  },
  "practice_days": 1
}
[11:57:40.237] PYTHON: Executing JavaScript in web view...
[11:57:40.238] JS [JavaScriptConsoleMessageLevel.InfoMessageLevel]: Python bridge script executing for callback: cb_1767508060227_t1r97bzd0 (line 3, source: )
[11:57:40.239] JS [JavaScriptConsoleMessageLevel.InfoMessageLevel]: Checking pythonBridge availability: object (line 4, source: )
[11:57:40.239] JS [JavaScriptConsoleMessageLevel.InfoMessageLevel]: Executing callback directly for: cb_1767508060227_t1r97bzd0 (line 7, source: )
[11:57:40.239] JS [JavaScriptConsoleMessageLevel.InfoMessageLevel]: Calling callback with data: [object Object] (line 27, source: )
[11:57:40.240] JS [JavaScriptConsoleMessageLevel.InfoMessageLevel]: Callback executed successfully (line 29, source: )
[11:57:45.248] JS [JavaScriptConsoleMessageLevel.InfoMessageLevel]: sendToPython called: get_stats [object Object] (line 1061, source: file:///C:/Users/Moonlight/AppData/Roaming/Anki2/addons21/math_drill/web/script.js)
[11:57:45.249] JS [JavaScriptConsoleMessageLevel.InfoMessageLevel]: Generated callback ID: cb_1767508065244_vbymn76tx (line 1065, source: file:///C:/Users/Moonlight/AppData/Roaming/Anki2/addons21/math_drill/web/script.js)
[11:57:45.251] JS [JavaScriptConsoleMessageLevel.InfoMessageLevel]: Sending to Python bridge... (line 1076, source: file:///C:/Users/Moonlight/AppData/Roaming/Anki2/addons21/math_drill/web/script.js)
[11:57:45.251] PYTHON: === PythonBridge.send called ===
[11:57:45.252] PYTHON: Action: get_stats
[11:57:45.252] PYTHON: Data: {}
[11:57:45.253] PYTHON: Callback ID: cb_1767508065244_vbymn76tx
[11:57:45.253] PYTHON: Bridge available: True
[11:57:45.256] PYTHON: send_to_js called: action=stats_result, callback_id=cb_1767508065244_vbymn76tx
[11:57:45.256] PYTHON: Data type: <class 'dict'>, size: 284
[11:57:45.256] PYTHON: Data being sent to JavaScript:
{
  "session": 0,
  "today": 2,
  "lifetime": 2,
  "accuracy": 100.0,
  "avgSpeed": 6.908999919891357,
  "totalTime": 13.817999839782715,
  "daily_goals": {
    "target_questions": 20,
    "target_time_minutes": 10,
    "questions_completed": 0,
    "time_spent_minutes": 0.0,
    "achieved": false
  },
  "practice_days": 1
}
[11:57:45.257] PYTHON: Executing JavaScript in web view...
[11:57:45.258] JS [JavaScriptConsoleMessageLevel.InfoMessageLevel]: Python bridge script executing for callback: cb_1767508065244_vbymn76tx (line 3, source: )
[11:57:45.259] JS [JavaScriptConsoleMessageLevel.InfoMessageLevel]: Checking pythonBridge availability: object (line 4, source: )
[11:57:45.259] JS [JavaScriptConsoleMessageLevel.InfoMessageLevel]: Executing callback directly for: cb_1767508065244_vbymn76tx (line 7, source: )
[11:57:45.260] JS [JavaScriptConsoleMessageLevel.InfoMessageLevel]: Calling callback with data: [object Object] (line 27, source: )
[11:57:45.260] JS [JavaScriptConsoleMessageLevel.InfoMessageLevel]: Callback executed successfully (line 29, source: )
[11:57:50.252] JS [JavaScriptConsoleMessageLevel.InfoMessageLevel]: sendToPython called: get_stats [object Object] (line 1061, source: file:///C:/Users/Moonlight/AppData/Roaming/Anki2/addons21/math_drill/web/script.js)
[11:57:50.253] JS [JavaScriptConsoleMessageLevel.InfoMessageLevel]: Generated callback ID: cb_1767508070248_mgircmhqs (line 1065, source: file:///C:/Users/Moonlight/AppData/Roaming/Anki2/addons21/math_drill/web/script.js)
[11:57:50.254] JS [JavaScriptConsoleMessageLevel.InfoMessageLevel]: Sending to Python bridge... (line 1076, source: file:///C:/Users/Moonlight/AppData/Roaming/Anki2/addons21/math_drill/web/script.js)
[11:57:50.256] PYTHON: === PythonBridge.send called ===
[11:57:50.257] PYTHON: Action: get_stats
[11:57:50.257] PYTHON: Data: {}
[11:57:50.258] PYTHON: Callback ID: cb_1767508070248_mgircmhqs
[11:57:50.259] PYTHON: Bridge available: True
[11:57:50.264] PYTHON: send_to_js called: action=stats_result, callback_id=cb_1767508070248_mgircmhqs
[11:57:50.265] PYTHON: Data type: <class 'dict'>, size: 284
[11:57:50.266] PYTHON: Data being sent to JavaScript:
{
  "session": 0,
  "today": 2,
  "lifetime": 2,
  "accuracy": 100.0,
  "avgSpeed": 6.908999919891357,
  "totalTime": 13.817999839782715,
  "daily_goals": {
    "target_questions": 20,
    "target_time_minutes": 10,
    "questions_completed": 0,
    "time_spent_minutes": 0.0,
    "achieved": false
  },
  "practice_days": 1
}
[11:57:50.267] PYTHON: Executing JavaScript in web view...
[11:57:50.270] JS [JavaScriptConsoleMessageLevel.InfoMessageLevel]: Python bridge script executing for callback: cb_1767508070248_mgircmhqs (line 3, source: )
[11:57:50.271] JS [JavaScriptConsoleMessageLevel.InfoMessageLevel]: Checking pythonBridge availability: object (line 4, source: )
[11:57:50.273] JS [JavaScriptConsoleMessageLevel.InfoMessageLevel]: Executing callback directly for: cb_1767508070248_mgircmhqs (line 7, source: )
[11:57:50.274] JS [JavaScriptConsoleMessageLevel.InfoMessageLevel]: Calling callback with data: [object Object] (line 27, source: )
[11:57:50.275] JS [JavaScriptConsoleMessageLevel.InfoMessageLevel]: Callback executed successfully (line 29, source: )
[11:57:54.441] PYTHON: Onigiri: Restaurant Level disabled in config, not awarding XP.
[11:57:55.253] JS [JavaScriptConsoleMessageLevel.InfoMessageLevel]: sendToPython called: get_stats [object Object] (line 1061, source: file:///C:/Users/Moonlight/AppData/Roaming/Anki2/addons21/math_drill/web/script.js)
[11:57:55.254] JS [JavaScriptConsoleMessageLevel.InfoMessageLevel]: Generated callback ID: cb_1767508075253_xhjyj31eh (line 1065, source: file:///C:/Users/Moonlight/AppData/Roaming/Anki2/addons21/math_drill/web/script.js)
[11:57:55.255] JS [JavaScriptConsoleMessageLevel.InfoMessageLevel]: Sending to Python bridge... (line 1076, source: file:///C:/Users/Moonlight/AppData/Roaming/Anki2/addons21/math_drill/web/script.js)
[11:57:55.255] PYTHON: === PythonBridge.send called ===
[11:57:55.255] PYTHON: Action: get_stats
[11:57:55.256] PYTHON: Data: {}
[11:57:55.256] PYTHON: Callback ID: cb_1767508075253_xhjyj31eh
[11:57:55.257] PYTHON: Bridge available: True
[11:57:55.259] PYTHON: send_to_js called: action=stats_result, callback_id=cb_1767508075253_xhjyj31eh
[11:57:55.259] PYTHON: Data type: <class 'dict'>, size: 284
[11:57:55.259] PYTHON: Data being sent to JavaScript:
{
  "session": 0,
  "today": 2,
  "lifetime": 2,
  "accuracy": 100.0,
  "avgSpeed": 6.908999919891357,
  "totalTime": 13.817999839782715,
  "daily_goals": {
    "target_questions": 20,
    "target_time_minutes": 10,
    "questions_completed": 0,
    "time_spent_minutes": 0.0,
    "achieved": false
  },
  "practice_days": 1
}
[11:57:55.260] PYTHON: Executing JavaScript in web view...
[11:57:55.262] JS [JavaScriptConsoleMessageLevel.InfoMessageLevel]: Python bridge script executing for callback: cb_1767508075253_xhjyj31eh (line 3, source: )
[11:57:55.262] JS [JavaScriptConsoleMessageLevel.InfoMessageLevel]: Checking pythonBridge availability: object (line 4, source: )
[11:57:55.263] JS [JavaScriptConsoleMessageLevel.InfoMessageLevel]: Executing callback directly for: cb_1767508075253_xhjyj31eh (line 7, source: )
[11:57:55.264] JS [JavaScriptConsoleMessageLevel.InfoMessageLevel]: Calling callback with data: [object Object] (line 27, source: )
[11:57:55.264] JS [JavaScriptConsoleMessageLevel.InfoMessageLevel]: Callback executed successfully (line 29, source: )
[11:58:00.254] JS [JavaScriptConsoleMessageLevel.InfoMessageLevel]: sendToPython called: get_stats [object Object] (line 1061, source: file:///C:/Users/Moonlight/AppData/Roaming/Anki2/addons21/math_drill/web/script.js)
[11:58:00.256] JS [JavaScriptConsoleMessageLevel.InfoMessageLevel]: Generated callback ID: cb_1767508080250_oj0k3qkgd (line 1065, source: file:///C:/Users/Moonlight/AppData/Roaming/Anki2/addons21/math_drill/web/script.js)
[11:58:00.257] JS [JavaScriptConsoleMessageLevel.InfoMessageLevel]: Sending to Python bridge... (line 1076, source: file:///C:/Users/Moonlight/AppData/Roaming/Anki2/addons21/math_drill/web/script.js)
[11:58:00.258] PYTHON: === PythonBridge.send called ===
[11:58:00.259] PYTHON: Action: get_stats
[11:58:00.260] PYTHON: Data: {}
[11:58:00.261] PYTHON: Callback ID: cb_1767508080250_oj0k3qkgd
[11:58:00.261] PYTHON: Bridge available: True
[11:58:00.266] PYTHON: send_to_js called: action=stats_result, callback_id=cb_1767508080250_oj0k3qkgd
[11:58:00.266] PYTHON: Data type: <class 'dict'>, size: 284
[11:58:00.267] PYTHON: Data being sent to JavaScript:
{
  "session": 0,
  "today": 2,
  "lifetime": 2,
  "accuracy": 100.0,
  "avgSpeed": 6.908999919891357,
  "totalTime": 13.817999839782715,
  "daily_goals": {
    "target_questions": 20,
    "target_time_minutes": 10,
    "questions_completed": 0,
    "time_spent_minutes": 0.0,
    "achieved": false
  },
  "practice_days": 1
}
[11:58:00.268] PYTHON: Executing JavaScript in web view...
[11:58:00.272] JS [JavaScriptConsoleMessageLevel.InfoMessageLevel]: Python bridge script executing for callback: cb_1767508080250_oj0k3qkgd (line 3, source: )
[11:58:00.273] JS [JavaScriptConsoleMessageLevel.InfoMessageLevel]: Checking pythonBridge availability: object (line 4, source: )
[11:58:00.274] JS [JavaScriptConsoleMessageLevel.InfoMessageLevel]: Executing callback directly for: cb_1767508080250_oj0k3qkgd (line 7, source: )
[11:58:00.275] JS [JavaScriptConsoleMessageLevel.InfoMessageLevel]: Calling callback with data: [object Object] (line 27, source: )
[11:58:00.276] JS [JavaScriptConsoleMessageLevel.InfoMessageLevel]: Callback executed successfully (line 29, source: )
[11:58:05.248] JS [JavaScriptConsoleMessageLevel.InfoMessageLevel]: sendToPython called: get_stats [object Object] (line 1061, source: file:///C:/Users/Moonlight/AppData/Roaming/Anki2/addons21/math_drill/web/script.js)
[11:58:05.250] JS [JavaScriptConsoleMessageLevel.InfoMessageLevel]: Generated callback ID: cb_1767508085244_vsugdpgev (line 1065, source: file:///C:/Users/Moonlight/AppData/Roaming/Anki2/addons21/math_drill/web/script.js)
[11:58:05.251] JS [JavaScriptConsoleMessageLevel.InfoMessageLevel]: Sending to Python bridge... (line 1076, source: file:///C:/Users/Moonlight/AppData/Roaming/Anki2/addons21/math_drill/web/script.js)
[11:58:05.252] PYTHON: === PythonBridge.send called ===
[11:58:05.253] PYTHON: Action: get_stats
[11:58:05.254] PYTHON: Data: {}
[11:58:05.254] PYTHON: Callback ID: cb_1767508085244_vsugdpgev
[11:58:05.255] PYTHON: Bridge available: True
[11:58:05.259] PYTHON: send_to_js called: action=stats_result, callback_id=cb_1767508085244_vsugdpgev
[11:58:05.260] PYTHON: Data type: <class 'dict'>, size: 284
[11:58:05.262] PYTHON: Data being sent to JavaScript:
{
  "session": 0,
  "today": 2,
  "lifetime": 2,
  "accuracy": 100.0,
  "avgSpeed": 6.908999919891357,
  "totalTime": 13.817999839782715,
  "daily_goals": {
    "target_questions": 20,
    "target_time_minutes": 10,
    "questions_completed": 0,
    "time_spent_minutes": 0.0,
    "achieved": false
  },
  "practice_days": 1
}
[11:58:05.263] PYTHON: Executing JavaScript in web view...
[11:58:05.265] JS [JavaScriptConsoleMessageLevel.InfoMessageLevel]: Python bridge script executing for callback: cb_1767508085244_vsugdpgev (line 3, source: )
[11:58:05.266] JS [JavaScriptConsoleMessageLevel.InfoMessageLevel]: Checking pythonBridge availability: object (line 4, source: )
[11:58:05.267] JS [JavaScriptConsoleMessageLevel.InfoMessageLevel]: Executing callback directly for: cb_1767508085244_vsugdpgev (line 7, source: )
[11:58:05.268] JS [JavaScriptConsoleMessageLevel.InfoMessageLevel]: Calling callback with data: [object Object] (line 27, source: )
[11:58:05.269] JS [JavaScriptConsoleMessageLevel.InfoMessageLevel]: Callback executed successfully (line 29, source: )
[11:58:10.269] JS [JavaScriptConsoleMessageLevel.InfoMessageLevel]: sendToPython called: get_stats [object Object] (line 1061, source: file:///C:/Users/Moonlight/AppData/Roaming/Anki2/addons21/math_drill/web/script.js)
[11:58:10.270] JS [JavaScriptConsoleMessageLevel.InfoMessageLevel]: Generated callback ID: cb_1767508090268_smspg9r8q (line 1065, source: file:///C:/Users/Moonlight/AppData/Roaming/Anki2/addons21/math_drill/web/script.js)
[11:58:10.271] JS [JavaScriptConsoleMessageLevel.InfoMessageLevel]: Sending to Python bridge... (line 1076, source: file:///C:/Users/Moonlight/AppData/Roaming/Anki2/addons21/math_drill/web/script.js)
[11:58:10.272] PYTHON: === PythonBridge.send called ===
[11:58:10.273] PYTHON: Action: get_stats
[11:58:10.274] PYTHON: Data: {}
[11:58:10.274] PYTHON: Callback ID: cb_1767508090268_smspg9r8q
[11:58:10.275] PYTHON: Bridge available: True
[11:58:10.279] PYTHON: send_to_js called: action=stats_result, callback_id=cb_1767508090268_smspg9r8q
[11:58:10.280] PYTHON: Data type: <class 'dict'>, size: 284
[11:58:10.281] PYTHON: Data being sent to JavaScript:
{
  "session": 0,
  "today": 2,
  "lifetime": 2,
  "accuracy": 100.0,
  "avgSpeed": 6.908999919891357,
  "totalTime": 13.817999839782715,
  "daily_goals": {
    "target_questions": 20,
    "target_time_minutes": 10,
    "questions_completed": 0,
    "time_spent_minutes": 0.0,
    "achieved": false
  },
  "practice_days": 1
}
[11:58:10.282] PYTHON: Executing JavaScript in web view...
[11:58:10.284] JS [JavaScriptConsoleMessageLevel.InfoMessageLevel]: Python bridge script executing for callback: cb_1767508090268_smspg9r8q (line 3, source: )
[11:58:10.286] JS [JavaScriptConsoleMessageLevel.InfoMessageLevel]: Checking pythonBridge availability: object (line 4, source: )
[11:58:10.287] JS [JavaScriptConsoleMessageLevel.InfoMessageLevel]: Executing callback directly for: cb_1767508090268_smspg9r8q (line 7, source: )
[11:58:10.288] JS [JavaScriptConsoleMessageLevel.InfoMessageLevel]: Calling callback with data: [object Object] (line 27, source: )
[11:58:10.288] JS [JavaScriptConsoleMessageLevel.InfoMessageLevel]: Callback executed successfully (line 29, source: )
[11:58:15.277] JS [JavaScriptConsoleMessageLevel.InfoMessageLevel]: sendToPython called: get_stats [object Object] (line 1061, source: file:///C:/Users/Moonlight/AppData/Roaming/Anki2/addons21/math_drill/web/script.js)
[11:58:15.278] JS [JavaScriptConsoleMessageLevel.InfoMessageLevel]: Generated callback ID: cb_1767508095275_sg79olbm1 (line 1065, source: file:///C:/Users/Moonlight/AppData/Roaming/Anki2/addons21/math_drill/web/script.js)
[11:58:15.279] JS [JavaScriptConsoleMessageLevel.InfoMessageLevel]: Sending to Python bridge... (line 1076, source: file:///C:/Users/Moonlight/AppData/Roaming/Anki2/addons21/math_drill/web/script.js)
[11:58:15.279] PYTHON: === PythonBridge.send called ===
[11:58:15.280] PYTHON: Action: get_stats
[11:58:15.281] PYTHON: Data: {}
[11:58:15.281] PYTHON: Callback ID: cb_1767508095275_sg79olbm1
[11:58:15.281] PYTHON: Bridge available: True
[11:58:15.283] PYTHON: send_to_js called: action=stats_result, callback_id=cb_1767508095275_sg79olbm1
[11:58:15.284] PYTHON: Data type: <class 'dict'>, size: 284
[11:58:15.284] PYTHON: Data being sent to JavaScript:
{
  "session": 0,
  "today": 2,
  "lifetime": 2,
  "accuracy": 100.0,
  "avgSpeed": 6.908999919891357,
  "totalTime": 13.817999839782715,
  "daily_goals": {
    "target_questions": 20,
    "target_time_minutes": 10,
    "questions_completed": 0,
    "time_spent_minutes": 0.0,
    "achieved": false
  },
  "practice_days": 1
}
[11:58:15.285] PYTHON: Executing JavaScript in web view...
[11:58:15.287] JS [JavaScriptConsoleMessageLevel.InfoMessageLevel]: Python bridge script executing for callback: cb_1767508095275_sg79olbm1 (line 3, source: )
[11:58:15.287] JS [JavaScriptConsoleMessageLevel.InfoMessageLevel]: Checking pythonBridge availability: object (line 4, source: )
[11:58:15.288] JS [JavaScriptConsoleMessageLevel.InfoMessageLevel]: Executing callback directly for: cb_1767508095275_sg79olbm1 (line 7, source: )
[11:58:15.288] JS [JavaScriptConsoleMessageLevel.InfoMessageLevel]: Calling callback with data: [object Object] (line 27, source: )
[11:58:15.289] JS [JavaScriptConsoleMessageLevel.InfoMessageLevel]: Callback executed successfully (line 29, source: )
[11:58:20.288] JS [JavaScriptConsoleMessageLevel.InfoMessageLevel]: sendToPython called: get_stats [object Object] (line 1061, source: file:///C:/Users/Moonlight/AppData/Roaming/Anki2/addons21/math_drill/web/script.js)
[11:58:20.288] JS [JavaScriptConsoleMessageLevel.InfoMessageLevel]: Generated callback ID: cb_1767508100287_w45p62vb4 (line 1065, source: file:///C:/Users/Moonlight/AppData/Roaming/Anki2/addons21/math_drill/web/script.js)
[11:58:20.289] JS [JavaScriptConsoleMessageLevel.InfoMessageLevel]: Sending to Python bridge... (line 1076, source: file:///C:/Users/Moonlight/AppData/Roaming/Anki2/addons21/math_drill/web/script.js)
[11:58:20.289] PYTHON: === PythonBridge.send called ===
[11:58:20.290] PYTHON: Action: get_stats
[11:58:20.290] PYTHON: Data: {}
[11:58:20.291] PYTHON: Callback ID: cb_1767508100287_w45p62vb4
[11:58:20.291] PYTHON: Bridge available: True
[11:58:20.293] PYTHON: send_to_js called: action=stats_result, callback_id=cb_1767508100287_w45p62vb4
[11:58:20.294] PYTHON: Data type: <class 'dict'>, size: 284
[11:58:20.294] PYTHON: Data being sent to JavaScript:
{
  "session": 0,
  "today": 2,
  "lifetime": 2,
  "accuracy": 100.0,
  "avgSpeed": 6.908999919891357,
  "totalTime": 13.817999839782715,
  "daily_goals": {
    "target_questions": 20,
    "target_time_minutes": 10,
    "questions_completed": 0,
    "time_spent_minutes": 0.0,
    "achieved": false
  },
  "practice_days": 1
}
[11:58:20.294] PYTHON: Executing JavaScript in web view...
[11:58:20.296] JS [JavaScriptConsoleMessageLevel.InfoMessageLevel]: Python bridge script executing for callback: cb_1767508100287_w45p62vb4 (line 3, source: )
[11:58:20.296] JS [JavaScriptConsoleMessageLevel.InfoMessageLevel]: Checking pythonBridge availability: object (line 4, source: )
[11:58:20.297] JS [JavaScriptConsoleMessageLevel.InfoMessageLevel]: Executing callback directly for: cb_1767508100287_w45p62vb4 (line 7, source: )
[11:58:20.297] JS [JavaScriptConsoleMessageLevel.InfoMessageLevel]: Calling callback with data: [object Object] (line 27, source: )
[11:58:20.298] JS [JavaScriptConsoleMessageLevel.InfoMessageLevel]: Callback executed successfully (line 29, source: )
[11:58:25.275] JS [JavaScriptConsoleMessageLevel.InfoMessageLevel]: sendToPython called: get_stats [object Object] (line 1061, source: file:///C:/Users/Moonlight/AppData/Roaming/Anki2/addons21/math_drill/web/script.js)
[11:58:25.276] JS [JavaScriptConsoleMessageLevel.InfoMessageLevel]: Generated callback ID: cb_1767508105275_bimwzhop9 (line 1065, source: file:///C:/Users/Moonlight/AppData/Roaming/Anki2/addons21/math_drill/web/script.js)
[11:58:25.277] JS [JavaScriptConsoleMessageLevel.InfoMessageLevel]: Sending to Python bridge... (line 1076, source: file:///C:/Users/Moonlight/AppData/Roaming/Anki2/addons21/math_drill/web/script.js)
[11:58:25.277] PYTHON: === PythonBridge.send called ===
[11:58:25.277] PYTHON: Action: get_stats
[11:58:25.278] PYTHON: Data: {}
[11:58:25.278] PYTHON: Callback ID: cb_1767508105275_bimwzhop9
[11:58:25.278] PYTHON: Bridge available: True
[11:58:25.281] PYTHON: send_to_js called: action=stats_result, callback_id=cb_1767508105275_bimwzhop9
[11:58:25.281] PYTHON: Data type: <class 'dict'>, size: 284
[11:58:25.282] PYTHON: Data being sent to JavaScript:
{
  "session": 0,
  "today": 2,
  "lifetime": 2,
  "accuracy": 100.0,
  "avgSpeed": 6.908999919891357,
  "totalTime": 13.817999839782715,
  "daily_goals": {
    "target_questions": 20,
    "target_time_minutes": 10,
    "questions_completed": 0,
    "time_spent_minutes": 0.0,
    "achieved": false
  },
  "practice_days": 1
}
[11:58:25.282] PYTHON: Executing JavaScript in web view...
[11:58:25.283] JS [JavaScriptConsoleMessageLevel.InfoMessageLevel]: Python bridge script executing for callback: cb_1767508105275_bimwzhop9 (line 3, source: )
[11:58:25.284] JS [JavaScriptConsoleMessageLevel.InfoMessageLevel]: Checking pythonBridge availability: object (line 4, source: )
[11:58:25.284] JS [JavaScriptConsoleMessageLevel.InfoMessageLevel]: Executing callback directly for: cb_1767508105275_bimwzhop9 (line 7, source: )
[11:58:25.285] JS [JavaScriptConsoleMessageLevel.InfoMessageLevel]: Calling callback with data: [object Object] (line 27, source: )
[11:58:25.285] JS [JavaScriptConsoleMessageLevel.InfoMessageLevel]: Callback executed successfully (line 29, source: )
[11:58:30.275] JS [JavaScriptConsoleMessageLevel.InfoMessageLevel]: sendToPython called: get_stats [object Object] (line 1061, source: file:///C:/Users/Moonlight/AppData/Roaming/Anki2/addons21/math_drill/web/script.js)
[11:58:30.276] JS [JavaScriptConsoleMessageLevel.InfoMessageLevel]: Generated callback ID: cb_1767508110274_xihyug3dn (line 1065, source: file:///C:/Users/Moonlight/AppData/Roaming/Anki2/addons21/math_drill/web/script.js)
[11:58:30.276] JS [JavaScriptConsoleMessageLevel.InfoMessageLevel]: Sending to Python bridge... (line 1076, source: file:///C:/Users/Moonlight/AppData/Roaming/Anki2/addons21/math_drill/web/script.js)
[11:58:30.277] PYTHON: === PythonBridge.send called ===
[11:58:30.277] PYTHON: Action: get_stats
[11:58:30.278] PYTHON: Data: {}
[11:58:30.278] PYTHON: Callback ID: cb_1767508110274_xihyug3dn
[11:58:30.278] PYTHON: Bridge available: True
[11:58:30.281] PYTHON: send_to_js called: action=stats_result, callback_id=cb_1767508110274_xihyug3dn
[11:58:30.281] PYTHON: Data type: <class 'dict'>, size: 284
[11:58:30.281] PYTHON: Data being sent to JavaScript:
{
  "session": 0,
  "today": 2,
  "lifetime": 2,
  "accuracy": 100.0,
  "avgSpeed": 6.908999919891357,
  "totalTime": 13.817999839782715,
  "daily_goals": {
    "target_questions": 20,
    "target_time_minutes": 10,
    "questions_completed": 0,
    "time_spent_minutes": 0.0,
    "achieved": false
  },
  "practice_days": 1
}
[11:58:30.282] PYTHON: Executing JavaScript in web view...
[11:58:30.283] JS [JavaScriptConsoleMessageLevel.InfoMessageLevel]: Python bridge script executing for callback: cb_1767508110274_xihyug3dn (line 3, source: )
[11:58:30.284] JS [JavaScriptConsoleMessageLevel.InfoMessageLevel]: Checking pythonBridge availability: object (line 4, source: )
[11:58:30.284] JS [JavaScriptConsoleMessageLevel.InfoMessageLevel]: Executing callback directly for: cb_1767508110274_xihyug3dn (line 7, source: )
[11:58:30.284] JS [JavaScriptConsoleMessageLevel.InfoMessageLevel]: Calling callback with data: [object Object] (line 27, source: )
[11:58:30.285] JS [JavaScriptConsoleMessageLevel.InfoMessageLevel]: Callback executed successfully (line 29, source: )
